Arguments: 
  /usr/local/bin/node /usr/local/Cellar/yarn/1.22.4/libexec/bin/yarn.js add expo

PATH: 
  /Users/tungsten/google-cloud-sdk/bin:/usr/local/bin:/Library/Frameworks/Python.framework/Versions/3.7/bin:/Users/tungsten/.cargo/bin:/usr/local/bin:/usr/local/bin:/opt/local/bin:/opt/local/sbin:/usr/local/bin:/Library/Frameworks/Python.framework/Versions/3.7/bin:/Users/tungsten/flutter/bin:/Users/tungsten/anaconda3/bin:/opt/local/bin:/opt/local/sbin:/Library/Frameworks/Python.framework/Versions/3.7/bin:/Users/tungsten/flutter/bin:/usr/local/bin:/usr/bin:/bin:/usr/sbin:/sbin:/opt/metasploit-framework/bin:/opt/metasploit-framework/bin

Yarn version: 
  1.22.4

Node version: 
  12.14.1

Platform: 
  darwin x64

Trace: 
  Error: ENFILE: file table overflow, copyfile '/Users/tungsten/Library/Caches/Yarn/v6/npm-@babel-core-7.12.3-1b436884e1e3bff6fb1328dc02b208759de92ad8-integrity/node_modules/@babel/core/lib/transform.js' -> '/Users/tungsten/Documents/kitchenBlack/programmation/react_native_project/Udemy/GuessA_Number_App/node_modules/@babel/plugin-transform-template-literals/node_modules/@babel/core/lib/transform.js'

npm manifest: 
  {
    "main": "node_modules/expo/AppEntry.js",
    "scripts": {
      "start": "expo start",
      "android": "expo start --android",
      "ios": "expo start --ios",
      "web": "expo start --web",
      "eject": "expo eject"
    },
    "dependencies": {
      "expo": "~39.0.2",
      "expo-status-bar": "~1.0.2",
      "react": "16.13.1",
      "react-dom": "16.13.1",
      "react-native": "https://github.com/expo/react-native/archive/sdk-39.0.4.tar.gz",
      "react-native-web": "~0.13.12"
    },
    "devDependencies": {
      "@babel/core": "~7.9.0"
    },
    "private": true
  }

yarn manifest: 
  No manifest

Lockfile: 
  No lockfile
